/home/op/exllamav3_ampere/server_27b_tp2.py:434: DeprecationWarning: 
        on_event is deprecated, use lifespan event handlers instead.

        Read more about it in the
        [FastAPI docs for Lifespan Events](https://fastapi.tiangolo.com/advanced/events/).
        
  @app.on_event("startup")
INFO:     Started server process [253511]
INFO:     Waiting for application startup.

============================================================
  ExLlamaV3 TP 2-GPU server
============================================================
  Model dir    : /home/op/exllamav3_ampere/models/Holo3-35B-A3B-exl3-6bpw
  GPU split    : [22.0, 22.0]
  TP backend   : nccl
  Cache tokens : 262,144
  Model limit  : 262,144
  Usable ctx   : 262,144
  KV cache     : quantized 8-bit
  Decode path  : Generator + paged flash_attn (cached)
  Max tokens   : 4096 (cap 16000)
  Thinking     : True (preserve=False, budget=512)
  Endpoint     : http://0.0.0.0:1234/v1

  CUDA_VISIBLE_DEVICES : 0,1
  OMP threads          : 1
  GPU 0: NVIDIA GeForce RTX 3090  (23.6 GB)
  GPU 1: NVIDIA GeForce RTX 3090  (23.6 GB)

Loading model config...
Creating quantized 8-bit KV cache (262,144 tokens)...
Loading weights (tensor parallel)...
 -- NCCL init: world_size 2, rank 1, device 0, init_method tcp://127.0.0.1:33313
 -- NCCL init: world_size 2, rank 0, device 1, init_method tcp://127.0.0.1:33313
 -- NCCL warmup, device 0, please wait...
 -- NCCL warmup, device 1, please wait...
 -- Finished NCCL warmup, device 1 -- Finished NCCL warmup, device 0

  GPU 0: alloc=13.46GB  reserved=17.08GB
  GPU 1: alloc=0.00GB  reserved=0.00GB

Loading tokenizer...
Creating Generator...
Running startup warmup...
[rank1]:[W409 11:23:35.275898750 ProcessGroupNCCL.cpp:4068] Warning: An unbatched P2P op (send/recv) was called on this ProcessGroup with size 2.  In lazy initialization mode, this will result in a new 2-rank NCCL communicator to be created. (function operator())
[rank0]:[W409 11:23:35.276109367 ProcessGroupNCCL.cpp:4068] Warning: An unbatched P2P op (send/recv) was called on this ProcessGroup with size 2.  In lazy initialization mode, this will result in a new 2-rank NCCL communicator to be created. (function operator())
  Warmup complete in 0.347s

Server ready.  Cache = 262,144 tokens, usable context = 262,144.

INFO:     Application startup complete.
INFO:     Uvicorn running on http://0.0.0.0:1234 (Press CTRL+C to quit)
INFO:     127.0.0.1:33954 - "GET /health HTTP/1.1" 200 OK
INFO:     127.0.0.1:33964 - "POST /v1/chat/completions HTTP/1.1" 200 OK
  [ThinkBudget] budget of 128 tokens exhausted — injecting </think> after 127 thinking tokens
INFO:     127.0.0.1:33972 - "POST /v1/chat/completions HTTP/1.1" 200 OK
INFO:     Shutting down
INFO:     Waiting for application shutdown.
INFO:     Application shutdown complete.
INFO:     Finished server process [253511]
/home/op/miniconda3/envs/exl3-dev/lib/python3.11/multiprocessing/resource_tracker.py:254: UserWarning: resource_tracker: There appear to be 5 leaked shared_memory objects to clean up at shutdown
  warnings.warn('resource_tracker: There appear to be %d '
